<?xml version="1.0" encoding="UTF-8"?>
<!-- Generated by org.testng.reporters.JUnitReportReporter -->
<testsuite skipped="0" hostname="DESKTOP-ACV19GE" name="Task2.Task2" tests="6" failures="0" timestamp="22 Nov 2018 13:49:23 GMT" time="29.490" errors="0">
  <testcase name="openbrowser" time="20.335" classname="Task2.Task2"/>
  <testcase name="verifyuser" time="2.396" classname="Task2.Task2"/>
  <testcase name="adduserbutton" time="0.460" classname="Task2.Task2"/>
  <testcase name="adduser" time="2.783" classname="Task2.Task2"/>
  <testcase name="adduser" time="3.364" classname="Task2.Task2"/>
  <testcase name="closeadduserbutton" time="0.152" classname="Task2.Task2"/>
</testsuite> <!-- Task2.Task2 -->
