<?xml version="1.0" encoding="UTF-8"?>
<!-- Generated by org.testng.reporters.JUnitReportReporter -->
<testsuite skipped="0" hostname="DESKTOP-ACV19GE" name="Logic.ExtentReport" tests="1" failures="0" timestamp="22 Nov 2018 11:15:53 GMT" time="0.221" errors="0">
  <testcase name="loginTest" time="0.221" classname="Logic.ExtentReport"/>
</testsuite> <!-- Logic.ExtentReport -->
