<?xml version="1.0" encoding="UTF-8"?>
<!-- Generated by org.testng.reporters.JUnitReportReporter -->
<testsuite skipped="0" hostname="DESKTOP-ACV19GE" name="Logic.ExrentReport2" tests="1" failures="0" timestamp="22 Nov 2018 11:15:53 GMT" time="6.780" errors="0">
  <testcase name="loginTest" time="6.780" classname="Logic.ExrentReport2"/>
</testsuite> <!-- Logic.ExrentReport2 -->
